0 info it worked if it ends with ok
1 verbose cli [ 'D:\\PROGRAME\\NodeJS\\\\node.exe',
1 verbose cli   'D:\\PROGRAME\\NodeJS\\node_modules\\npm\\bin\\npm-cli.js',
1 verbose cli   'publish' ]
2 info using npm@2.11.3
3 info using node@v0.12.7
4 verbose publish [ '.' ]
5 silly cache add args [ '.', null ]
6 verbose cache add spec .
7 silly cache add parsed spec { raw: '.',
7 silly cache add   scope: null,
7 silly cache add   name: null,
7 silly cache add   rawSpec: '.',
7 silly cache add   spec: 'D:\\SOURCE CODE\\GITHUB\\IMB_PluginXKinez',
7 silly cache add   type: 'directory' }
8 verbose addLocalDirectory C:\Users\ridi\AppData\Roaming\npm-cache\imb_pluginxkinez\1.0.10\package.tgz not in flight; packing
9 verbose tar pack [ 'C:\\Users\\ridi\\AppData\\Roaming\\npm-cache\\imb_pluginxkinez\\1.0.10\\package.tgz',
9 verbose tar pack   'D:\\SOURCE CODE\\GITHUB\\IMB_PluginXKinez' ]
10 verbose tarball C:\Users\ridi\AppData\Roaming\npm-cache\imb_pluginxkinez\1.0.10\package.tgz
11 verbose folder D:\SOURCE CODE\GITHUB\IMB_PluginXKinez
12 info prepublish imb_pluginxkinez@1.0.10
13 verbose addLocalTarball adding from inside cache C:\Users\ridi\AppData\Roaming\npm-cache\imb_pluginxkinez\1.0.10\package.tgz
14 silly cache afterAdd imb_pluginxkinez@1.0.10
15 verbose afterAdd C:\Users\ridi\AppData\Roaming\npm-cache\imb_pluginxkinez\1.0.10\package\package.json not in flight; writing
16 verbose afterAdd C:\Users\ridi\AppData\Roaming\npm-cache\imb_pluginxkinez\1.0.10\package\package.json written
17 silly publish { name: 'imb_pluginxkinez',
17 silly publish   version: '1.0.10',
17 silly publish   description: 'Plugin IMB per kinezin qe printon dhe qe nuk e kishte bere dot si plugin per tollonat tone.',
17 silly publish   main: 'www/pc700print.js',
17 silly publish   scripts: { test: 'echo "Error: no test specified" && exit 1' },
17 silly publish   repository:
17 silly publish    { type: 'git',
17 silly publish      url: 'git+https://github.com/RidiQirici/IMB_PluginXKinez.git' },
17 silly publish   keywords: [ 'IMB' ],
17 silly publish   author: { name: 'Ridi Qirici' },
17 silly publish   license: 'ISC',
17 silly publish   bugs: { url: 'https://github.com/RidiQirici/IMB_PluginXKinez/issues' },
17 silly publish   homepage: 'https://github.com/RidiQirici/IMB_PluginXKinez',
17 silly publish   readme: '# IMB_PluginXKinez\r\nPlugin IMB per kinezin qe printon dhe qe nuk e kishte bere dot si plugin per tollonat tone.\r\n',
17 silly publish   readmeFilename: 'README.md',
17 silly publish   gitHead: 'd799f013cf7a34f9eb782a40a15cd9ee8bd7b471',
17 silly publish   _id: 'imb_pluginxkinez@1.0.10',
17 silly publish   _shasum: '61fe351d549f5c6671668c4f52821d82abd63d18',
17 silly publish   _from: '.' }
18 verbose getPublishConfig undefined
19 silly mapToRegistry name imb_pluginxkinez
20 silly mapToRegistry using default registry
21 silly mapToRegistry registry https://registry.npmjs.org/
22 silly mapToRegistry uri https://registry.npmjs.org/imb_pluginxkinez
23 verbose publish registryBase https://registry.npmjs.org/
24 silly publish uploading C:\Users\ridi\AppData\Roaming\npm-cache\imb_pluginxkinez\1.0.10\package.tgz
25 verbose request uri https://registry.npmjs.org/imb_pluginxkinez
26 verbose request sending authorization for write operation
27 info attempt registry request try #1 at 11:47:11 AM
28 verbose request using bearer token for auth
29 verbose request id 266accbc1cff5ba9
30 http request PUT https://registry.npmjs.org/imb_pluginxkinez
31 http 403 https://registry.npmjs.org/imb_pluginxkinez
32 verbose headers { 'content-type': 'application/json',
32 verbose headers   'cache-control': 'max-age=60',
32 verbose headers   'content-length': '96',
32 verbose headers   'accept-ranges': 'bytes',
32 verbose headers   date: 'Sat, 12 Sep 2015 09:47:12 GMT',
32 verbose headers   via: '1.1 varnish',
32 verbose headers   connection: 'keep-alive',
32 verbose headers   'x-served-by': 'cache-fra1221-FRA',
32 verbose headers   'x-cache': 'MISS',
32 verbose headers   'x-cache-hits': '0',
32 verbose headers   'x-timer': 'S1442051230.985944,VS0,VE1317' }
33 verbose request invalidating C:\Users\ridi\AppData\Roaming\npm-cache\registry.npmjs.org\imb_pluginxkinez on PUT
34 error publish Failed PUT 403
35 verbose stack Error: "You cannot publish over the previously published version 1.0.10." : imb_pluginxkinez
35 verbose stack     at CachingRegistryClient.<anonymous> (D:\PROGRAME\NodeJS\node_modules\npm\node_modules\npm-registry-client\lib\request.js:247:14)
35 verbose stack     at Request._callback (D:\PROGRAME\NodeJS\node_modules\npm\node_modules\npm-registry-client\lib\request.js:170:14)
35 verbose stack     at Request.self.callback (D:\PROGRAME\NodeJS\node_modules\npm\node_modules\request\request.js:354:22)
35 verbose stack     at Request.emit (events.js:110:17)
35 verbose stack     at Request.<anonymous> (D:\PROGRAME\NodeJS\node_modules\npm\node_modules\request\request.js:1207:14)
35 verbose stack     at Request.emit (events.js:129:20)
35 verbose stack     at IncomingMessage.<anonymous> (D:\PROGRAME\NodeJS\node_modules\npm\node_modules\request\request.js:1153:12)
35 verbose stack     at IncomingMessage.emit (events.js:129:20)
35 verbose stack     at _stream_readable.js:908:16
35 verbose stack     at process._tickCallback (node.js:355:11)
36 verbose statusCode 403
37 verbose pkgid imb_pluginxkinez
38 verbose cwd D:\SOURCE CODE\GITHUB\IMB_PluginXKinez
39 error Windows_NT 6.1.7601
40 error argv "D:\\PROGRAME\\NodeJS\\\\node.exe" "D:\\PROGRAME\\NodeJS\\node_modules\\npm\\bin\\npm-cli.js" "publish"
41 error node v0.12.7
42 error npm  v2.11.3
43 error code E403
44 error "You cannot publish over the previously published version 1.0.10." : imb_pluginxkinez
45 error If you need help, you may report this error at:
45 error     <https://github.com/npm/npm/issues>
46 verbose exit [ 1, true ]
